{"/home/fernando/Development/report-orchestrator/test/setup.ts": {"path":"/home/fernando/Development/report-orchestrator/test/setup.ts","statementMap":{"0":{"start":{"line":11,"column":0},"end":{"line":11,"column":7}},"1":{"start":{"line":76,"column":0},"end":{"line":76,"column":7}},"2":{"start":{"line":1,"column":0},"end":{"line":1,"column":93}},"3":{"start":{"line":2,"column":0},"end":{"line":2,"column":37}},"4":{"start":{"line":3,"column":0},"end":{"line":3,"column":33}},"5":{"start":{"line":5,"column":18},"end":{"line":5,"column":33}},"6":{"start":{"line":7,"column":51},"end":{"line":7,"column":55}},"7":{"start":{"line":9,"column":26},"end":{"line":9,"column":31}},"8":{"start":{"line":13,"column":22},"end":{"line":13,"column":88}},"9":{"start":{"line":15,"column":2},"end":{"line":27,"column":3}},"10":{"start":{"line":17,"column":4},"end":{"line":17,"column":61}},"11":{"start":{"line":18,"column":4},"end":{"line":18,"column":43}},"12":{"start":{"line":19,"column":4},"end":{"line":19,"column":31}},"13":{"start":{"line":22,"column":4},"end":{"line":24,"column":7}},"14":{"start":{"line":26,"column":4},"end":{"line":26,"column":23}},"15":{"start":{"line":30,"column":2},"end":{"line":73,"column":3}},"16":{"start":{"line":31,"column":4},"end":{"line":35,"column":15}},"17":{"start":{"line":37,"column":4},"end":{"line":37,"column":47}},"18":{"start":{"line":40,"column":4},"end":{"line":40,"column":43}},"19":{"start":{"line":41,"column":4},"end":{"line":43,"column":7}},"20":{"start":{"line":45,"column":4},"end":{"line":45,"column":23}},"21":{"start":{"line":47,"column":4},"end":{"line":71,"column":5}},"22":{"start":{"line":49,"column":26},"end":{"line":49,"column":50}},"23":{"start":{"line":50,"column":6},"end":{"line":64,"column":7}},"24":{"start":{"line":51,"column":8},"end":{"line":53,"column":10}},"25":{"start":{"line":54,"column":8},"end":{"line":54,"column":98}},"26":{"start":{"line":55,"column":8},"end":{"line":55,"column":34}},"27":{"start":{"line":56,"column":8},"end":{"line":56,"column":35}},"28":{"start":{"line":59,"column":8},"end":{"line":61,"column":11}},"29":{"start":{"line":63,"column":8},"end":{"line":63,"column":27}},"30":{"start":{"line":66,"column":6},"end":{"line":70,"column":8}},"31":{"start":{"line":72,"column":4},"end":{"line":72,"column":16}},"32":{"start":{"line":78,"column":2},"end":{"line":84,"column":3}},"33":{"start":{"line":79,"column":4},"end":{"line":83,"column":5}},"34":{"start":{"line":80,"column":6},"end":{"line":80,"column":29}}},"fnMap":{"0":{"name":"setupTestDatabase","decl":{"start":{"line":11,"column":22},"end":{"line":11,"column":39}},"loc":{"start":{"line":11,"column":39},"end":{"line":74,"column":1}}},"1":{"name":"teardownTestDatabase","decl":{"start":{"line":76,"column":22},"end":{"line":76,"column":42}},"loc":{"start":{"line":76,"column":42},"end":{"line":85,"column":1}}}},"branchMap":{"0":{"loc":{"start":{"line":13,"column":22},"end":{"line":13,"column":88}},"type":"binary-expr","locations":[{"start":{"line":13,"column":22},"end":{"line":13,"column":60}},{"start":{"line":13,"column":64},"end":{"line":13,"column":88}}]},"1":{"loc":{"start":{"line":15,"column":2},"end":{"line":27,"column":3}},"type":"if","locations":[{"start":{"line":15,"column":2},"end":{"line":27,"column":3}}]},"2":{"loc":{"start":{"line":15,"column":6},"end":{"line":15,"column":45}},"type":"binary-expr","locations":[{"start":{"line":15,"column":6},"end":{"line":15,"column":17}},{"start":{"line":15,"column":21},"end":{"line":15,"column":45}}]},"3":{"loc":{"start":{"line":47,"column":4},"end":{"line":71,"column":5}},"type":"if","locations":[{"start":{"line":47,"column":4},"end":{"line":71,"column":5}}]},"4":{"loc":{"start":{"line":47,"column":8},"end":{"line":47,"column":89}},"type":"binary-expr","locations":[{"start":{"line":47,"column":8},"end":{"line":47,"column":52}},{"start":{"line":47,"column":56},"end":{"line":47,"column":89}}]},"5":{"loc":{"start":{"line":50,"column":6},"end":{"line":64,"column":7}},"type":"if","locations":[{"start":{"line":50,"column":6},"end":{"line":64,"column":7}}]},"6":{"loc":{"start":{"line":78,"column":2},"end":{"line":84,"column":3}},"type":"if","locations":[{"start":{"line":78,"column":2},"end":{"line":84,"column":3}}]},"7":{"loc":{"start":{"line":78,"column":6},"end":{"line":78,"column":39}},"type":"binary-expr","locations":[{"start":{"line":78,"column":6},"end":{"line":78,"column":15}},{"start":{"line":78,"column":19},"end":{"line":78,"column":39}}]}},"s":{"0":1,"1":1,"2":1,"3":1,"4":1,"5":1,"6":1,"7":1,"8":1,"9":1,"10":1,"11":1,"12":1,"13":1,"14":1,"15":0,"16":0,"17":0,"18":0,"19":0,"20":0,"21":0,"22":0,"23":0,"24":0,"25":0,"26":0,"27":0,"28":0,"29":0,"30":0,"31":0,"32":1,"33":0,"34":0},"f":{"0":1,"1":1},"b":{"0":[1,1],"1":[1],"2":[1,1],"3":[0],"4":[0,0],"5":[0],"6":[0],"7":[1,0]}}
}
