TN:
SF:test/setup.ts
FN:11,setupTestDatabase
FN:76,teardownTestDatabase
FNF:2
FNH:2
FNDA:1,setupTestDatabase
FNDA:1,teardownTestDatabase
DA:1,1
DA:2,1
DA:3,1
DA:5,1
DA:7,1
DA:9,1
DA:11,1
DA:13,1
DA:15,1
DA:17,1
DA:18,1
DA:19,1
DA:22,1
DA:26,1
DA:30,0
DA:31,0
DA:37,0
DA:40,0
DA:41,0
DA:45,0
DA:47,0
DA:49,0
DA:50,0
DA:51,0
DA:54,0
DA:55,0
DA:56,0
DA:59,0
DA:63,0
DA:66,0
DA:72,0
DA:76,1
DA:78,1
DA:79,0
DA:80,0
LF:35
LH:16
BRDA:13,0,0,1
BRDA:13,0,1,1
BRDA:15,1,0,1
BRDA:15,2,0,1
BRDA:15,2,1,1
BRDA:47,3,0,0
BRDA:47,4,0,0
BRDA:47,4,1,0
BRDA:50,5,0,0
BRDA:78,6,0,0
BRDA:78,7,0,1
BRDA:78,7,1,0
BRF:12
BRH:6
end_of_record
